<?xml version="1.0" encoding="UTF-8"?>
<testng-results ignored="0" total="2" passed="2" failed="0" skipped="0">
  <reporter-output>
  </reporter-output>
  <suite started-at="2025-05-14T20:28:36 IST" name="SeleniumTestSuite" finished-at="2025-05-14T20:29:02 IST" duration-ms="25747">
    <groups>
    </groups>
    <test started-at="2025-05-14T20:28:36 IST" name="FlightSearchTest" finished-at="2025-05-14T20:29:02 IST" duration-ms="25747">
      <class name="tests.FlightSearchTest">
        <test-method is-config="true" signature="setUp()[pri:0, instance:tests.FlightSearchTest@689604d9]" started-at="2025-05-14T20:28:36 IST" name="setUp" finished-at="2025-05-14T20:28:41 IST" duration-ms="4825" status="PASS">
          <reporter-output>
          </reporter-output>
        </test-method> <!-- setUp -->
        <test-method signature="noFlightResults()[pri:0, instance:tests.FlightSearchTest@689604d9]" started-at="2025-05-14T20:28:41 IST" name="noFlightResults" finished-at="2025-05-14T20:28:47 IST" duration-ms="5347" status="PASS">
          <reporter-output>
          </reporter-output>
        </test-method> <!-- noFlightResults -->
        <test-method is-config="true" signature="tearDown()[pri:0, instance:tests.FlightSearchTest@689604d9]" started-at="2025-05-14T20:28:47 IST" name="tearDown" finished-at="2025-05-14T20:28:47 IST" duration-ms="135" status="PASS">
          <reporter-output>
          </reporter-output>
        </test-method> <!-- tearDown -->
        <test-method is-config="true" signature="setUp()[pri:0, instance:tests.FlightSearchTest@689604d9]" started-at="2025-05-14T20:28:47 IST" name="setUp" finished-at="2025-05-14T20:28:57 IST" duration-ms="10589" status="PASS">
          <reporter-output>
          </reporter-output>
        </test-method> <!-- setUp -->
        <test-method signature="testFlightSearchResults()[pri:0, instance:tests.FlightSearchTest@689604d9]" started-at="2025-05-14T20:28:57 IST" name="testFlightSearchResults" finished-at="2025-05-14T20:29:02 IST" duration-ms="4696" status="PASS">
          <reporter-output>
          </reporter-output>
        </test-method> <!-- testFlightSearchResults -->
        <test-method is-config="true" signature="tearDown()[pri:0, instance:tests.FlightSearchTest@689604d9]" started-at="2025-05-14T20:29:02 IST" name="tearDown" finished-at="2025-05-14T20:29:02 IST" duration-ms="112" status="PASS">
          <reporter-output>
          </reporter-output>
        </test-method> <!-- tearDown -->
      </class> <!-- tests.FlightSearchTest -->
    </test> <!-- FlightSearchTest -->
  </suite> <!-- SeleniumTestSuite -->
</testng-results>
