<?xml version="1.0" encoding="UTF-8"?>
<testng-results ignored="0" total="2" passed="2" failed="0" skipped="0">
  <reporter-output>
  </reporter-output>
  <suite started-at="2025-05-15T22:11:48 IST" name="SeleniumTestSuite" finished-at="2025-05-15T22:12:17 IST" duration-ms="29787">
    <groups>
    </groups>
    <test started-at="2025-05-15T22:11:48 IST" name="FlightSearchTest" finished-at="2025-05-15T22:12:17 IST" duration-ms="29787">
      <class name="tests.FlightSearchTest">
        <test-method is-config="true" signature="setUp()[pri:0, instance:tests.FlightSearchTest@34123d65]" started-at="2025-05-15T22:11:48 IST" name="setUp" finished-at="2025-05-15T22:11:55 IST" duration-ms="7245" status="PASS">
          <reporter-output>
          </reporter-output>
        </test-method> <!-- setUp -->
        <test-method signature="noFlightResults()[pri:0, instance:tests.FlightSearchTest@34123d65]" started-at="2025-05-15T22:11:55 IST" name="noFlightResults" finished-at="2025-05-15T22:12:07 IST" duration-ms="12314" status="PASS">
          <reporter-output>
          </reporter-output>
        </test-method> <!-- noFlightResults -->
        <test-method is-config="true" signature="tearDown()[pri:0, instance:tests.FlightSearchTest@34123d65]" started-at="2025-05-15T22:12:07 IST" name="tearDown" finished-at="2025-05-15T22:12:07 IST" duration-ms="152" status="PASS">
          <reporter-output>
          </reporter-output>
        </test-method> <!-- tearDown -->
        <test-method is-config="true" signature="setUp()[pri:0, instance:tests.FlightSearchTest@34123d65]" started-at="2025-05-15T22:12:07 IST" name="setUp" finished-at="2025-05-15T22:12:11 IST" duration-ms="4139" status="PASS">
          <reporter-output>
          </reporter-output>
        </test-method> <!-- setUp -->
        <test-method signature="testFlightSearchResults()[pri:0, instance:tests.FlightSearchTest@34123d65]" started-at="2025-05-15T22:12:11 IST" name="testFlightSearchResults" finished-at="2025-05-15T22:12:17 IST" duration-ms="5729" status="PASS">
          <reporter-output>
          </reporter-output>
        </test-method> <!-- testFlightSearchResults -->
        <test-method is-config="true" signature="tearDown()[pri:0, instance:tests.FlightSearchTest@34123d65]" started-at="2025-05-15T22:12:17 IST" name="tearDown" finished-at="2025-05-15T22:12:17 IST" duration-ms="145" status="PASS">
          <reporter-output>
          </reporter-output>
        </test-method> <!-- tearDown -->
      </class> <!-- tests.FlightSearchTest -->
    </test> <!-- FlightSearchTest -->
  </suite> <!-- SeleniumTestSuite -->
</testng-results>
